<?xml version="1.0" encoding="UTF-8"?>
<!-- Generated by org.testng.reporters.JUnitXMLReporter -->
<testsuite hostname="DESKTOP-LRN39M1" name="HomePage" tests="2" failures="1" timestamp="13 Jun 2021 10:00:27 GMT" time="84.144" errors="0">
  <testcase name="getTextTc" time="0.854" classname="academy.HomePage">
    <failure type="java.lang.AssertionError" message="expected [FEATURED1 COURSES] but found [FEATURED COURSES]">
      <![CDATA[java.lang.AssertionError: expected [FEATURED1 COURSES] but found [FEATURED COURSES]
	at academy.HomePage.getTextTc(HomePage.java:47)
	at java.util.concurrent.FutureTask.run(FutureTask.java:266)
	at java.util.concurrent.ThreadPoolExecutor.runWorker(ThreadPoolExecutor.java:1149)
	at java.util.concurrent.ThreadPoolExecutor$Worker.run(ThreadPoolExecutor.java:624)
	at java.lang.Thread.run(Thread.java:748)
... Removed 21 stack frames]]>
    </failure>
  </testcase> <!-- getTextTc -->
  <testcase name="getnavbarTc" time="1.805" classname="academy.HomePage"/>
</testsuite> <!-- HomePage -->
