<?xml version="1.0" encoding="UTF-8"?>
<!-- Generated by org.testng.reporters.JUnitXMLReporter -->
<testsuite hostname="DESKTOP-LRN39M1" name="Test" tests="4" failures="0" timestamp="12 Jun 2021 10:59:28 GMT" time="58.205" errors="0">
  <testcase name="getTextTc" time="0.766" classname="academy.HomePage"/>
  <testcase name="getnavbarTc" time="0.573" classname="academy.HomePage"/>
  <testcase name="getAllTC" time="7.861" classname="academy.LoginPageTC"/>
  <testcase name="getAllTC" time="5.738" classname="academy.LoginPageTC"/>
</testsuite> <!-- Test -->
