<?xml version="1.0" encoding="UTF-8"?>
<!-- Generated by org.testng.reporters.JUnitXMLReporter -->
<testsuite hostname="DESKTOP-LRN39M1" name="Test" tests="4" failures="0" timestamp="12 Jun 2021 12:26:06 GMT" time="167.634" errors="0">
  <testcase name="getTextTc" time="0.187" classname="academy.HomePage"/>
  <testcase name="getnavbarTc" time="0.223" classname="academy.HomePage"/>
  <testcase name="getAllTC" time="18.648" classname="academy.LoginPageTC"/>
  <testcase name="getAllTC" time="6.053" classname="academy.LoginPageTC"/>
</testsuite> <!-- Test -->
