<?xml version="1.0" encoding="UTF-8"?>
<testsuite xmlns:xsi="http://www.w3.org/2001/XMLSchema-instance" xsi:noNamespaceSchemaLocation="https://maven.apache.org/surefire/maven-surefire-plugin/xsd/surefire-test-report-3.0.xsd" version="3.0" name="TestSuite" time="76.327" tests="4" errors="0" skipped="0" failures="0">
  <properties>
[...]
</properties>
  <testcase name="getAllTC[hii@gmail.com, hello](1)" classname="academy.LoginPageTC" time="15.403">
    <system-out><![CDATA[chrome
chrome
]]></system-out>
    <system-err><![CDATA[SLF4J: Failed to load class "org.slf4j.impl.StaticLoggerBinder".
SLF4J: Defaulting to no-operation (NOP) logger implementation
SLF4J: See http://www.slf4j.org/codes.html#StaticLoggerBinder for further details.
Starting ChromeDriver 91.0.4472.101 (af52a90bf87030dSdt1a5r2t3i4n8g6 aC1hcrdo3maeeD2r5ci5vde7r6c 991b.-0r.e4f4s7/2b.r1a01n c(ha-fh5e2aad9s0/bf48477203@{0#d1d146522}3)4 8o6an1 cpdo3rta e21153c05d
O7n6cl9yb -lroecfasl/ brcaonncnhe-chteiaodnss/4 4ar7e2 a@l{#lo14wed6.2}
)P loena speo rste e1 2h07tt3p
s:On/l/cyh rloomcaedlr ciovenrn.ecchtrioonmisu ma.roer ag/lsleocwuerd.ity
-Pcloenassied sereae thiottnsp s:fo/r/ chsruoggmeedstriiovnesr o.nc hkreepomiiunmg. oCrhgro/mseeDrciuvreirt ys-acfoen.si
derations for suggestions on keeping ChromeDriver safe.
ChromeDriver was started successfully.
ChromeDriver was started successfully.
Jun 12, 2021 6:05:43 PM org.openqa.selenium.remote.ProtocolHandshake createSession
INFO: Detected dialect: W3C
Jun 12, 2021 6:05:43 PM org.openqa.selenium.remote.ProtocolHandshake createSession
INFO: Detected dialect: W3C
]]></system-err>
  </testcase>
  <testcase name="getAllTC[hii, hello](2)" classname="academy.LoginPageTC" time="6.829"/>
  <testcase name="getTextTc" classname="academy.HomePage" time="0.083"/>
  <testcase name="getnavbarTc" classname="academy.HomePage" time="0.297"/>
</testsuite>