<?xml version="1.0" encoding="UTF-8"?>
<testng-results skipped="0" failed="0" total="4" passed="4">
  <reporter-output>
  </reporter-output>
  <suite name="Suite" duration-ms="74505" started-at="2021-06-12T12:35:19Z" finished-at="2021-06-12T12:36:33Z">
    <groups>
    </groups>
    <test name="LoginPage" duration-ms="53545" started-at="2021-06-12T12:35:19Z" finished-at="2021-06-12T12:36:12Z">
      <class name="academy.LoginPageTC">
        <test-method status="PASS" signature="browserLogin()[pri:0, instance:academy.LoginPageTC@291ae]" name="browserLogin" is-config="true" duration-ms="25598" started-at="2021-06-12T18:05:19Z" finished-at="2021-06-12T18:05:44Z">
          <reporter-output>
          </reporter-output>
        </test-method> <!-- browserLogin -->
        <test-method status="PASS" signature="initilizePage()[pri:0, instance:academy.LoginPageTC@291ae]" name="initilizePage" is-config="true" duration-ms="744" started-at="2021-06-12T18:05:45Z" finished-at="2021-06-12T18:05:45Z">
          <reporter-output>
          </reporter-output>
        </test-method> <!-- initilizePage -->
        <test-method status="PASS" signature="getAllTC(java.lang.String, java.lang.String)[pri:0, instance:academy.LoginPageTC@291ae]" name="getAllTC" duration-ms="15542" started-at="2021-06-12T18:05:45Z" data-provider="dataProvider1" finished-at="2021-06-12T18:06:01Z">
          <params>
            <param index="0">
              <value>
                <![CDATA[hii@gmail.com]]>
              </value>
            </param>
            <param index="1">
              <value>
                <![CDATA[hello]]>
              </value>
            </param>
          </params>
          <reporter-output>
          </reporter-output>
        </test-method> <!-- getAllTC -->
        <test-method status="PASS" signature="getAllTC(java.lang.String, java.lang.String)[pri:0, instance:academy.LoginPageTC@291ae]" name="getAllTC" duration-ms="6834" started-at="2021-06-12T18:06:01Z" data-provider="dataProvider1" finished-at="2021-06-12T18:06:08Z">
          <params>
            <param index="0">
              <value>
                <![CDATA[hii]]>
              </value>
            </param>
            <param index="1">
              <value>
                <![CDATA[hello]]>
              </value>
            </param>
          </params>
          <reporter-output>
          </reporter-output>
        </test-method> <!-- getAllTC -->
        <test-method status="PASS" signature="closeBrowser()[pri:0, instance:academy.LoginPageTC@291ae]" name="closeBrowser" is-config="true" duration-ms="4553" started-at="2021-06-12T18:06:08Z" finished-at="2021-06-12T18:06:12Z">
          <reporter-output>
          </reporter-output>
        </test-method> <!-- closeBrowser -->
      </class> <!-- academy.LoginPageTC -->
    </test> <!-- LoginPage -->
    <test name="HomePage" duration-ms="74505" started-at="2021-06-12T12:35:19Z" finished-at="2021-06-12T12:36:33Z">
      <class name="academy.HomePage">
        <test-method status="PASS" signature="browserLogin()[pri:0, instance:academy.HomePage@15c43bd9]" name="browserLogin" is-config="true" duration-ms="69431" started-at="2021-06-12T18:05:19Z" finished-at="2021-06-12T18:06:28Z">
          <reporter-output>
          </reporter-output>
        </test-method> <!-- browserLogin -->
        <test-method status="PASS" signature="initilizePage()[pri:0, instance:academy.HomePage@15c43bd9]" name="initilizePage" is-config="true" duration-ms="40" started-at="2021-06-12T18:06:28Z" finished-at="2021-06-12T18:06:28Z">
          <reporter-output>
          </reporter-output>
        </test-method> <!-- initilizePage -->
        <test-method status="PASS" signature="getTextTc()[pri:0, instance:academy.HomePage@15c43bd9]" name="getTextTc" duration-ms="82" started-at="2021-06-12T18:06:28Z" finished-at="2021-06-12T18:06:28Z">
          <reporter-output>
          </reporter-output>
        </test-method> <!-- getTextTc -->
        <test-method status="PASS" signature="getnavbarTc()[pri:0, instance:academy.HomePage@15c43bd9]" name="getnavbarTc" duration-ms="297" started-at="2021-06-12T18:06:28Z" finished-at="2021-06-12T18:06:29Z">
          <reporter-output>
          </reporter-output>
        </test-method> <!-- getnavbarTc -->
        <test-method status="PASS" signature="closeBrowser()[pri:0, instance:academy.HomePage@15c43bd9]" name="closeBrowser" is-config="true" duration-ms="4650" started-at="2021-06-12T18:06:29Z" finished-at="2021-06-12T18:06:33Z">
          <reporter-output>
          </reporter-output>
        </test-method> <!-- closeBrowser -->
      </class> <!-- academy.HomePage -->
    </test> <!-- HomePage -->
  </suite> <!-- Suite -->
</testng-results>
